{"uuid":"8432bb44-4b2e-4e51-a126-5bf004e1970a","historyId":"996a49a06e9f999be2c187e4d62fcc56","fullName":"Go DonkeyItTest and upload file: Upload file in donkeyit page","labels":[{"name":"tag","value":"donkey"},{"name":"host","value":"DESKTOP-FBC7C7C"},{"name":"thread","value":"24024@DESKTOP-FBC7C7C.main(1)"},{"name":"feature","value":"Go DonkeyItTest and upload file"},{"name":"story","value":"Upload file in donkeyit page"},{"name":"suite","value":"Go DonkeyItTest and upload file"},{"name":"testClass","value":"Upload file in donkeyit page"},{"name":"framework","value":"cucumber4jvm"},{"name":"language","value":"java"},{"name":"gherkin_uri","value":"file:///C:/Users/kaan/Desktop/DonkeyWebTest/src/test/resources/features/donkeyweb.feature"},{"name":"package","value":"src.test.resources.features.donkeyweb_feature.Go DonkeyItTest and upload file"}],"links":[],"name":"Upload file in donkeyit page","status":"failed","statusDetails":{"known":false,"muted":false,"flaky":false,"message":"expected:<[[ChromeDriver: chrome on WINDOWS (bdd03c5884050ef71975a21c5eb8f8f2)] -> xpath: /html/body/app-root/div/div/div/app-home/div[1]/upload-comp/div[2]/div[1]/span[1]]> but was:< 100% >","trace":"java.lang.AssertionError: expected:<[[ChromeDriver: chrome on WINDOWS (bdd03c5884050ef71975a21c5eb8f8f2)] -> xpath: /html/body/app-root/div/div/div/app-home/div[1]/upload-comp/div[2]/div[1]/span[1]]> but was:< 100% >\r\n\tat org.junit.Assert.fail(Assert.java:89)\r\n\tat org.junit.Assert.failNotEquals(Assert.java:835)\r\n\tat org.junit.Assert.assertEquals(Assert.java:120)\r\n\tat org.junit.Assert.assertEquals(Assert.java:146)\r\n\tat Donkey.step_definitions.DonkeyITStepDef.user_should_see_uploaded_file(DonkeyITStepDef.java:33)\r\n\tat ✽.User should see uploaded file(file:///C:/Users/kaan/Desktop/DonkeyWebTest/src/test/resources/features/donkeyweb.feature:7)\r\n"},"stage":"finished","steps":[{"name":"Given  User opens the browser","status":"passed","statusDetails":{"known":false,"muted":false,"flaky":false},"stage":"finished","steps":[],"attachments":[],"parameters":[],"start":1647788452781,"stop":1647788457746},{"name":"When  User uploads the file","status":"passed","statusDetails":{"known":false,"muted":false,"flaky":false},"stage":"finished","steps":[],"attachments":[],"parameters":[],"start":1647788457747,"stop":1647788470826},{"name":"Then  User should see uploaded file","status":"failed","statusDetails":{"known":false,"muted":false,"flaky":false,"message":"expected:<[[ChromeDriver: chrome on WINDOWS (bdd03c5884050ef71975a21c5eb8f8f2)] -> xpath: /html/body/app-root/div/div/div/app-home/div[1]/upload-comp/div[2]/div[1]/span[1]]> but was:< 100% >","trace":"java.lang.AssertionError: expected:<[[ChromeDriver: chrome on WINDOWS (bdd03c5884050ef71975a21c5eb8f8f2)] -> xpath: /html/body/app-root/div/div/div/app-home/div[1]/upload-comp/div[2]/div[1]/span[1]]> but was:< 100% >\r\n\tat org.junit.Assert.fail(Assert.java:89)\r\n\tat org.junit.Assert.failNotEquals(Assert.java:835)\r\n\tat org.junit.Assert.assertEquals(Assert.java:120)\r\n\tat org.junit.Assert.assertEquals(Assert.java:146)\r\n\tat Donkey.step_definitions.DonkeyITStepDef.user_should_see_uploaded_file(DonkeyITStepDef.java:33)\r\n\tat ✽.User should see uploaded file(file:///C:/Users/kaan/Desktop/DonkeyWebTest/src/test/resources/features/donkeyweb.feature:7)\r\n"},"stage":"finished","steps":[],"attachments":[],"parameters":[],"start":1647788470826,"stop":1647788470947}],"attachments":[],"parameters":[],"start":1647788449381,"stop":1647788473161}